1: Z 1: started
2: Z 1: entering office for a service 3
3: Z 2: started
4: Z 2: entering office for a service 1
5: Z 3: started
6: Z 3: entering office for a service 1
7: U 1: started
8: U 1: serving a service of type 1
8: Z 2: called by office worker
9: closing
10: U 2: started
11: U 2: serving a service of type 1
11: Z 3: called by office worker
12: U 1: service finished
13: U 1: serving a service of type 3
13: Z 1: called by office worker
14: U 1: service finished
15: U 1: going home
15: Z 1: going home
15: Z 3: going home
15: Z 2: going home
16: U 2: service finished
17: U 2: going home
